Init duration for springdoc-openapi is: 300 ms 
Closing JPA EntityManagerFactory for persistence unit 'default' 
HikariPool-1 - Shutdown initiated... 
HikariPool-1 - Shutdown completed. 
Starting ImmoNexusApplication using Java 11.0.15 on montassar-VivoBook-ASUSLaptop-X515EP-X515EP with PID 131849 (/home/montassar/Desktop/Projects/ImmoNexusApp/target/classes started by montassar in /home/montassar/Desktop/Projects/ImmoNexusApp) 
No active profile set, falling back to 1 default profile: "default" 
Bootstrapping Spring Data JPA repositories in DEFAULT mode. 
Finished Spring Data repository scanning in 38 ms. Found 19 JPA repository interfaces. 
Tomcat initialized with port(s): 8075 (http) 
Starting service [Tomcat] 
Starting Servlet engine: [Apache Tomcat/9.0.68] 
Initializing Spring embedded WebApplicationContext 
Root WebApplicationContext: initialization completed in 762 ms 
HHH000204: Processing PersistenceUnitInfo [name: default] 
HHH000412: Hibernate ORM core version 5.6.12.Final 
HCANN000001: Hibernate Commons Annotations {5.1.2.Final} 
HikariPool-1 - Starting... 
HikariPool-1 - Start completed. 
HHH000400: Using dialect: org.hibernate.dialect.MySQL5Dialect 
HHH000490: Using JtaPlatform implementation: [org.hibernate.engine.transaction.jta.platform.internal.NoJtaPlatform] 
Initialized JPA EntityManagerFactory for persistence unit 'default' 
spring.jpa.open-in-view is enabled by default. Therefore, database queries may be performed during view rendering. Explicitly configure spring.jpa.open-in-view to disable this warning 
Tomcat started on port(s): 8075 (http) with context path '/ImmoNexus' 
Started ImmoNexusApplication in 2.756 seconds (JVM running for 2.99) 
Closing JPA EntityManagerFactory for persistence unit 'default' 
HikariPool-1 - Shutdown initiated... 
HikariPool-1 - Shutdown completed. 
Starting ImmoNexusApplication using Java 11.0.15 on montassar-VivoBook-ASUSLaptop-X515EP-X515EP with PID 132077 (/home/montassar/Desktop/Projects/ImmoNexusApp/target/classes started by montassar in /home/montassar/Desktop/Projects/ImmoNexusApp) 
No active profile set, falling back to 1 default profile: "default" 
Bootstrapping Spring Data JPA repositories in DEFAULT mode. 
Finished Spring Data repository scanning in 35 ms. Found 19 JPA repository interfaces. 
Tomcat initialized with port(s): 8075 (http) 
Starting service [Tomcat] 
Starting Servlet engine: [Apache Tomcat/9.0.68] 
Initializing Spring embedded WebApplicationContext 
Root WebApplicationContext: initialization completed in 638 ms 
HHH000204: Processing PersistenceUnitInfo [name: default] 
HHH000412: Hibernate ORM core version 5.6.12.Final 
HCANN000001: Hibernate Commons Annotations {5.1.2.Final} 
HikariPool-1 - Starting... 
HikariPool-1 - Start completed. 
HHH000400: Using dialect: org.hibernate.dialect.MySQL5Dialect 
HHH000490: Using JtaPlatform implementation: [org.hibernate.engine.transaction.jta.platform.internal.NoJtaPlatform] 
Initialized JPA EntityManagerFactory for persistence unit 'default' 
spring.jpa.open-in-view is enabled by default. Therefore, database queries may be performed during view rendering. Explicitly configure spring.jpa.open-in-view to disable this warning 
Tomcat started on port(s): 8075 (http) with context path '/ImmoNexus' 
Started ImmoNexusApplication in 2.376 seconds (JVM running for 2.62) 
Initializing Spring DispatcherServlet 'dispatcherServlet' 
Initializing Servlet 'dispatcherServlet' 
Completed initialization in 1 ms 
Servlet.service() for servlet [dispatcherServlet] in context with path [/ImmoNexus] threw exception [Request processing failed; nested exception is org.springframework.web.multipart.MultipartException: Current request is not a multipart request] with root cause 
org.springframework.web.multipart.MultipartException: Current request is not a multipart request
	at org.springframework.web.servlet.mvc.method.annotation.RequestPartMethodArgumentResolver.resolveArgument(RequestPartMethodArgumentResolver.java:163)
	at org.springframework.web.method.support.HandlerMethodArgumentResolverComposite.resolveArgument(HandlerMethodArgumentResolverComposite.java:122)
	at org.springframework.web.method.support.InvocableHandlerMethod.getMethodArgumentValues(InvocableHandlerMethod.java:179)
	at org.springframework.web.method.support.InvocableHandlerMethod.invokeForRequest(InvocableHandlerMethod.java:146)
	at org.springframework.web.servlet.mvc.method.annotation.ServletInvocableHandlerMethod.invokeAndHandle(ServletInvocableHandlerMethod.java:117)
	at org.springframework.web.servlet.mvc.method.annotation.RequestMappingHandlerAdapter.invokeHandlerMethod(RequestMappingHandlerAdapter.java:895)
	at org.springframework.web.servlet.mvc.method.annotation.RequestMappingHandlerAdapter.handleInternal(RequestMappingHandlerAdapter.java:808)
	at org.springframework.web.servlet.mvc.method.AbstractHandlerMethodAdapter.handle(AbstractHandlerMethodAdapter.java:87)
	at org.springframework.web.servlet.DispatcherServlet.doDispatch(DispatcherServlet.java:1071)
	at org.springframework.web.servlet.DispatcherServlet.doService(DispatcherServlet.java:964)
	at org.springframework.web.servlet.FrameworkServlet.processRequest(FrameworkServlet.java:1006)
	at org.springframework.web.servlet.FrameworkServlet.doPost(FrameworkServlet.java:909)
	at javax.servlet.http.HttpServlet.service(HttpServlet.java:696)
	at org.springframework.web.servlet.FrameworkServlet.service(FrameworkServlet.java:883)
	at javax.servlet.http.HttpServlet.service(HttpServlet.java:779)
	at org.apache.catalina.core.ApplicationFilterChain.internalDoFilter(ApplicationFilterChain.java:227)
	at org.apache.catalina.core.ApplicationFilterChain.doFilter(ApplicationFilterChain.java:162)
	at org.apache.tomcat.websocket.server.WsFilter.doFilter(WsFilter.java:53)
	at org.apache.catalina.core.ApplicationFilterChain.internalDoFilter(ApplicationFilterChain.java:189)
	at org.apache.catalina.core.ApplicationFilterChain.doFilter(ApplicationFilterChain.java:162)
	at org.springframework.web.filter.RequestContextFilter.doFilterInternal(RequestContextFilter.java:100)
	at org.springframework.web.filter.OncePerRequestFilter.doFilter(OncePerRequestFilter.java:117)
	at org.apache.catalina.core.ApplicationFilterChain.internalDoFilter(ApplicationFilterChain.java:189)
	at org.apache.catalina.core.ApplicationFilterChain.doFilter(ApplicationFilterChain.java:162)
	at org.springframework.web.filter.FormContentFilter.doFilterInternal(FormContentFilter.java:93)
	at org.springframework.web.filter.OncePerRequestFilter.doFilter(OncePerRequestFilter.java:117)
	at org.apache.catalina.core.ApplicationFilterChain.internalDoFilter(ApplicationFilterChain.java:189)
	at org.apache.catalina.core.ApplicationFilterChain.doFilter(ApplicationFilterChain.java:162)
	at org.springframework.web.filter.CharacterEncodingFilter.doFilterInternal(CharacterEncodingFilter.java:201)
	at org.springframework.web.filter.OncePerRequestFilter.doFilter(OncePerRequestFilter.java:117)
	at org.apache.catalina.core.ApplicationFilterChain.internalDoFilter(ApplicationFilterChain.java:189)
	at org.apache.catalina.core.ApplicationFilterChain.doFilter(ApplicationFilterChain.java:162)
	at org.apache.catalina.core.StandardWrapperValve.invoke(StandardWrapperValve.java:197)
	at org.apache.catalina.core.StandardContextValve.invoke(StandardContextValve.java:97)
	at org.apache.catalina.authenticator.AuthenticatorBase.invoke(AuthenticatorBase.java:541)
	at org.apache.catalina.core.StandardHostValve.invoke(StandardHostValve.java:135)
	at org.apache.catalina.valves.ErrorReportValve.invoke(ErrorReportValve.java:92)
	at org.apache.catalina.core.StandardEngineValve.invoke(StandardEngineValve.java:78)
	at org.apache.catalina.connector.CoyoteAdapter.service(CoyoteAdapter.java:360)
	at org.apache.coyote.http11.Http11Processor.service(Http11Processor.java:399)
	at org.apache.coyote.AbstractProcessorLight.process(AbstractProcessorLight.java:65)
	at org.apache.coyote.AbstractProtocol$ConnectionHandler.process(AbstractProtocol.java:893)
	at org.apache.tomcat.util.net.NioEndpoint$SocketProcessor.doRun(NioEndpoint.java:1789)
	at org.apache.tomcat.util.net.SocketProcessorBase.run(SocketProcessorBase.java:49)
	at org.apache.tomcat.util.threads.ThreadPoolExecutor.runWorker(ThreadPoolExecutor.java:1191)
	at org.apache.tomcat.util.threads.ThreadPoolExecutor$Worker.run(ThreadPoolExecutor.java:659)
	at org.apache.tomcat.util.threads.TaskThread$WrappingRunnable.run(TaskThread.java:61)
	at java.base/java.lang.Thread.run(Thread.java:829)
jjjjjjjjjjjjjjjjjjjjjjjjjjjjjjjjjjjjjjjjjScreenshot from 2023-04-11 01-00-18.png 
Closing JPA EntityManagerFactory for persistence unit 'default' 
HikariPool-1 - Shutdown initiated... 
HikariPool-1 - Shutdown completed. 
Starting ImmoNexusApplication using Java 11.0.15 on montassar-VivoBook-ASUSLaptop-X515EP-X515EP with PID 132488 (/home/montassar/Desktop/Projects/ImmoNexusApp/target/classes started by montassar in /home/montassar/Desktop/Projects/ImmoNexusApp) 
No active profile set, falling back to 1 default profile: "default" 
Bootstrapping Spring Data JPA repositories in DEFAULT mode. 
Finished Spring Data repository scanning in 39 ms. Found 19 JPA repository interfaces. 
Tomcat initialized with port(s): 8075 (http) 
Starting service [Tomcat] 
Starting Servlet engine: [Apache Tomcat/9.0.68] 
Initializing Spring embedded WebApplicationContext 
Root WebApplicationContext: initialization completed in 684 ms 
HHH000204: Processing PersistenceUnitInfo [name: default] 
HHH000412: Hibernate ORM core version 5.6.12.Final 
HCANN000001: Hibernate Commons Annotations {5.1.2.Final} 
HikariPool-1 - Starting... 
HikariPool-1 - Start completed. 
HHH000400: Using dialect: org.hibernate.dialect.MySQL5Dialect 
HHH000490: Using JtaPlatform implementation: [org.hibernate.engine.transaction.jta.platform.internal.NoJtaPlatform] 
Initialized JPA EntityManagerFactory for persistence unit 'default' 
spring.jpa.open-in-view is enabled by default. Therefore, database queries may be performed during view rendering. Explicitly configure spring.jpa.open-in-view to disable this warning 
Tomcat started on port(s): 8075 (http) with context path '/ImmoNexus' 
Started ImmoNexusApplication in 2.507 seconds (JVM running for 2.722) 
Initializing Spring DispatcherServlet 'dispatcherServlet' 
Initializing Servlet 'dispatcherServlet' 
Completed initialization in 0 ms 
jjjjjjjjjjjjjjjjjjjjjjjjjjjjjjjjjjjjjjjjjScreenshot from 2023-04-11 01-00-18.png 
Servlet.service() for servlet [dispatcherServlet] in context with path [/ImmoNexus] threw exception [Handler dispatch failed; nested exception is java.lang.StackOverflowError] with root cause 
java.lang.StackOverflowError: null
	at java.base/java.lang.StringBuilder.<init>(StringBuilder.java:117)
	at java.base/java.time.LocalDate.toString(LocalDate.java:2169)
	at java.base/java.time.LocalDateTime.toString(LocalDateTime.java:1972)
	at java.base/java.lang.String.valueOf(String.java:2951)
	at java.base/java.lang.StringBuilder.append(StringBuilder.java:173)
	at tn.devteam.immonexus.Entities.Reaction.toString(Reaction.java:15)
	at java.base/java.lang.String.valueOf(String.java:2951)
	at java.base/java.lang.StringBuilder.append(StringBuilder.java:173)
	at java.base/java.util.AbstractCollection.toString(AbstractCollection.java:473)
	at org.hibernate.collection.internal.PersistentSet.toString(PersistentSet.java:328)
	at java.base/java.lang.String.valueOf(String.java:2951)
	at java.base/java.lang.StringBuilder.append(StringBuilder.java:173)
	at tn.devteam.immonexus.Entities.SubjectForum.toString(SubjectForum.java:13)
	at java.base/java.lang.String.valueOf(String.java:2951)
	at java.base/java.lang.StringBuilder.append(StringBuilder.java:173)
	at tn.devteam.immonexus.Entities.Reaction.toString(Reaction.java:15)
	at java.base/java.lang.String.valueOf(String.java:2951)
	at java.base/java.lang.StringBuilder.append(StringBuilder.java:173)
	at java.base/java.util.AbstractCollection.toString(AbstractCollection.java:473)
	at org.hibernate.collection.internal.PersistentSet.toString(PersistentSet.java:328)
	at java.base/java.lang.String.valueOf(String.java:2951)
	at java.base/java.lang.StringBuilder.append(StringBuilder.java:173)
	at tn.devteam.immonexus.Entities.SubjectForum.toString(SubjectForum.java:13)
	at java.base/java.lang.String.valueOf(String.java:2951)
	at java.base/java.lang.StringBuilder.append(StringBuilder.java:173)
	at tn.devteam.immonexus.Entities.Reaction.toString(Reaction.java:15)
	at java.base/java.lang.String.valueOf(String.java:2951)
	at java.base/java.lang.StringBuilder.append(StringBuilder.java:173)
	at java.base/java.util.AbstractCollection.toString(AbstractCollection.java:473)
	at org.hibernate.collection.internal.PersistentSet.toString(PersistentSet.java:328)
	at java.base/java.lang.String.valueOf(String.java:2951)
	at java.base/java.lang.StringBuilder.append(StringBuilder.java:173)
	at tn.devteam.immonexus.Entities.SubjectForum.toString(SubjectForum.java:13)
	at java.base/java.lang.String.valueOf(String.java:2951)
	at java.base/java.lang.StringBuilder.append(StringBuilder.java:173)
	at tn.devteam.immonexus.Entities.Reaction.toString(Reaction.java:15)
	at java.base/java.lang.String.valueOf(String.java:2951)
	at java.base/java.lang.StringBuilder.append(StringBuilder.java:173)
	at java.base/java.util.AbstractCollection.toString(AbstractCollection.java:473)
	at org.hibernate.collection.internal.PersistentSet.toString(PersistentSet.java:328)
	at java.base/java.lang.String.valueOf(String.java:2951)
	at java.base/java.lang.StringBuilder.append(StringBuilder.java:173)
	at tn.devteam.immonexus.Entities.SubjectForum.toString(SubjectForum.java:13)
	at java.base/java.lang.String.valueOf(String.java:2951)
	at java.base/java.lang.StringBuilder.append(StringBuilder.java:173)
	at tn.devteam.immonexus.Entities.Reaction.toString(Reaction.java:15)
	at java.base/java.lang.String.valueOf(String.java:2951)
	at java.base/java.lang.StringBuilder.append(StringBuilder.java:173)
	at java.base/java.util.AbstractCollection.toString(AbstractCollection.java:473)
	at org.hibernate.collection.internal.PersistentSet.toString(PersistentSet.java:328)
	at java.base/java.lang.String.valueOf(String.java:2951)
	at java.base/java.lang.StringBuilder.append(StringBuilder.java:173)
	at tn.devteam.immonexus.Entities.SubjectForum.toString(SubjectForum.java:13)
	at java.base/java.lang.String.valueOf(String.java:2951)
	at java.base/java.lang.StringBuilder.append(StringBuilder.java:173)
	at tn.devteam.immonexus.Entities.Reaction.toString(Reaction.java:15)
	at java.base/java.lang.String.valueOf(String.java:2951)
	at java.base/java.lang.StringBuilder.append(StringBuilder.java:173)
	at java.base/java.util.AbstractCollection.toString(AbstractCollection.java:473)
	at org.hibernate.collection.internal.PersistentSet.toString(PersistentSet.java:328)
	at java.base/java.lang.String.valueOf(String.java:2951)
	at java.base/java.lang.StringBuilder.append(StringBuilder.java:173)
	at tn.devteam.immonexus.Entities.SubjectForum.toString(SubjectForum.java:13)
	at java.base/java.lang.String.valueOf(String.java:2951)
	at java.base/java.lang.StringBuilder.append(StringBuilder.java:173)
	at tn.devteam.immonexus.Entities.Reaction.toString(Reaction.java:15)
	at java.base/java.lang.String.valueOf(String.java:2951)
	at java.base/java.lang.StringBuilder.append(StringBuilder.java:173)
	at java.base/java.util.AbstractCollection.toString(AbstractCollection.java:473)
	at org.hibernate.collection.internal.PersistentSet.toString(PersistentSet.java:328)
	at java.base/java.lang.String.valueOf(String.java:2951)
	at java.base/java.lang.StringBuilder.append(StringBuilder.java:173)
	at tn.devteam.immonexus.Entities.SubjectForum.toString(SubjectForum.java:13)
	at java.base/java.lang.String.valueOf(String.java:2951)
	at java.base/java.lang.StringBuilder.append(StringBuilder.java:173)
	at tn.devteam.immonexus.Entities.Reaction.toString(Reaction.java:15)
	at java.base/java.lang.String.valueOf(String.java:2951)
	at java.base/java.lang.StringBuilder.append(StringBuilder.java:173)
	at java.base/java.util.AbstractCollection.toString(AbstractCollection.java:473)
	at org.hibernate.collection.internal.PersistentSet.toString(PersistentSet.java:328)
	at java.base/java.lang.String.valueOf(String.java:2951)
	at java.base/java.lang.StringBuilder.append(StringBuilder.java:173)
	at tn.devteam.immonexus.Entities.SubjectForum.toString(SubjectForum.java:13)
	at java.base/java.lang.String.valueOf(String.java:2951)
	at java.base/java.lang.StringBuilder.append(StringBuilder.java:173)
	at tn.devteam.immonexus.Entities.Reaction.toString(Reaction.java:15)
	at java.base/java.lang.String.valueOf(String.java:2951)
	at java.base/java.lang.StringBuilder.append(StringBuilder.java:173)
	at java.base/java.util.AbstractCollection.toString(AbstractCollection.java:473)
	at org.hibernate.collection.internal.PersistentSet.toString(PersistentSet.java:328)
	at java.base/java.lang.String.valueOf(String.java:2951)
	at java.base/java.lang.StringBuilder.append(StringBuilder.java:173)
	at tn.devteam.immonexus.Entities.SubjectForum.toString(SubjectForum.java:13)
	at java.base/java.lang.String.valueOf(String.java:2951)
	at java.base/java.lang.StringBuilder.append(StringBuilder.java:173)
	at tn.devteam.immonexus.Entities.Reaction.toString(Reaction.java:15)
	at java.base/java.lang.String.valueOf(String.java:2951)
	at java.base/java.lang.StringBuilder.append(StringBuilder.java:173)
	at java.base/java.util.AbstractCollection.toString(AbstractCollection.java:473)
	at org.hibernate.collection.internal.PersistentSet.toString(PersistentSet.java:328)
	at java.base/java.lang.String.valueOf(String.java:2951)
	at java.base/java.lang.StringBuilder.append(StringBuilder.java:173)
	at tn.devteam.immonexus.Entities.SubjectForum.toString(SubjectForum.java:13)
	at java.base/java.lang.String.valueOf(String.java:2951)
	at java.base/java.lang.StringBuilder.append(StringBuilder.java:173)
	at tn.devteam.immonexus.Entities.Reaction.toString(Reaction.java:15)
	at java.base/java.lang.String.valueOf(String.java:2951)
	at java.base/java.lang.StringBuilder.append(StringBuilder.java:173)
	at java.base/java.util.AbstractCollection.toString(AbstractCollection.java:473)
	at org.hibernate.collection.internal.PersistentSet.toString(PersistentSet.java:328)
	at java.base/java.lang.String.valueOf(String.java:2951)
	at java.base/java.lang.StringBuilder.append(StringBuilder.java:173)
	at tn.devteam.immonexus.Entities.SubjectForum.toString(SubjectForum.java:13)
	at java.base/java.lang.String.valueOf(String.java:2951)
	at java.base/java.lang.StringBuilder.append(StringBuilder.java:173)
	at tn.devteam.immonexus.Entities.Reaction.toString(Reaction.java:15)
	at java.base/java.lang.String.valueOf(String.java:2951)
	at java.base/java.lang.StringBuilder.append(StringBuilder.java:173)
	at java.base/java.util.AbstractCollection.toString(AbstractCollection.java:473)
	at org.hibernate.collection.internal.PersistentSet.toString(PersistentSet.java:328)
	at java.base/java.lang.String.valueOf(String.java:2951)
	at java.base/java.lang.StringBuilder.append(StringBuilder.java:173)
	at tn.devteam.immonexus.Entities.SubjectForum.toString(SubjectForum.java:13)
	at java.base/java.lang.String.valueOf(String.java:2951)
	at java.base/java.lang.StringBuilder.append(StringBuilder.java:173)
	at tn.devteam.immonexus.Entities.Reaction.toString(Reaction.java:15)
	at java.base/java.lang.String.valueOf(String.java:2951)
	at java.base/java.lang.StringBuilder.append(StringBuilder.java:173)
	at java.base/java.util.AbstractCollection.toString(AbstractCollection.java:473)
	at org.hibernate.collection.internal.PersistentSet.toString(PersistentSet.java:328)
	at java.base/java.lang.String.valueOf(String.java:2951)
	at java.base/java.lang.StringBuilder.append(StringBuilder.java:173)
	at tn.devteam.immonexus.Entities.SubjectForum.toString(SubjectForum.java:13)
	at java.base/java.lang.String.valueOf(String.java:2951)
	at java.base/java.lang.StringBuilder.append(StringBuilder.java:173)
	at tn.devteam.immonexus.Entities.Reaction.toString(Reaction.java:15)
	at java.base/java.lang.String.valueOf(String.java:2951)
	at java.base/java.lang.StringBuilder.append(StringBuilder.java:173)
	at java.base/java.util.AbstractCollection.toString(AbstractCollection.java:473)
	at org.hibernate.collection.internal.PersistentSet.toString(PersistentSet.java:328)
	at java.base/java.lang.String.valueOf(String.java:2951)
	at java.base/java.lang.StringBuilder.append(StringBuilder.java:173)
	at tn.devteam.immonexus.Entities.SubjectForum.toString(SubjectForum.java:13)
	at java.base/java.lang.String.valueOf(String.java:2951)
	at java.base/java.lang.StringBuilder.append(StringBuilder.java:173)
	at tn.devteam.immonexus.Entities.Reaction.toString(Reaction.java:15)
	at java.base/java.lang.String.valueOf(String.java:2951)
	at java.base/java.lang.StringBuilder.append(StringBuilder.java:173)
	at java.base/java.util.AbstractCollection.toString(AbstractCollection.java:473)
	at org.hibernate.collection.internal.PersistentSet.toString(PersistentSet.java:328)
	at java.base/java.lang.String.valueOf(String.java:2951)
	at java.base/java.lang.StringBuilder.append(StringBuilder.java:173)
	at tn.devteam.immonexus.Entities.SubjectForum.toString(SubjectForum.java:13)
	at java.base/java.lang.String.valueOf(String.java:2951)
	at java.base/java.lang.StringBuilder.append(StringBuilder.java:173)
	at tn.devteam.immonexus.Entities.Reaction.toString(Reaction.java:15)
	at java.base/java.lang.String.valueOf(String.java:2951)
	at java.base/java.lang.StringBuilder.append(StringBuilder.java:173)
	at java.base/java.util.AbstractCollection.toString(AbstractCollection.java:473)
	at org.hibernate.collection.internal.PersistentSet.toString(PersistentSet.java:328)
	at java.base/java.lang.String.valueOf(String.java:2951)
	at java.base/java.lang.StringBuilder.append(StringBuilder.java:173)
	at tn.devteam.immonexus.Entities.SubjectForum.toString(SubjectForum.java:13)
	at java.base/java.lang.String.valueOf(String.java:2951)
	at java.base/java.lang.StringBuilder.append(StringBuilder.java:173)
	at tn.devteam.immonexus.Entities.Reaction.toString(Reaction.java:15)
	at java.base/java.lang.String.valueOf(String.java:2951)
	at java.base/java.lang.StringBuilder.append(StringBuilder.java:173)
	at java.base/java.util.AbstractCollection.toString(AbstractCollection.java:473)
	at org.hibernate.collection.internal.PersistentSet.toString(PersistentSet.java:328)
	at java.base/java.lang.String.valueOf(String.java:2951)
	at java.base/java.lang.StringBuilder.append(StringBuilder.java:173)
	at tn.devteam.immonexus.Entities.SubjectForum.toString(SubjectForum.java:13)
	at java.base/java.lang.String.valueOf(String.java:2951)
	at java.base/java.lang.StringBuilder.append(StringBuilder.java:173)
	at tn.devteam.immonexus.Entities.Reaction.toString(Reaction.java:15)
	at java.base/java.lang.String.valueOf(String.java:2951)
	at java.base/java.lang.StringBuilder.append(StringBuilder.java:173)
	at java.base/java.util.AbstractCollection.toString(AbstractCollection.java:473)
	at org.hibernate.collection.internal.PersistentSet.toString(PersistentSet.java:328)
	at java.base/java.lang.String.valueOf(String.java:2951)
	at java.base/java.lang.StringBuilder.append(StringBuilder.java:173)
	at tn.devteam.immonexus.Entities.SubjectForum.toString(SubjectForum.java:13)
	at java.base/java.lang.String.valueOf(String.java:2951)
	at java.base/java.lang.StringBuilder.append(StringBuilder.java:173)
	at tn.devteam.immonexus.Entities.Reaction.toString(Reaction.java:15)
	at java.base/java.lang.String.valueOf(String.java:2951)
	at java.base/java.lang.StringBuilder.append(StringBuilder.java:173)
	at java.base/java.util.AbstractCollection.toString(AbstractCollection.java:473)
	at org.hibernate.collection.internal.PersistentSet.toString(PersistentSet.java:328)
	at java.base/java.lang.String.valueOf(String.java:2951)
	at java.base/java.lang.StringBuilder.append(StringBuilder.java:173)
	at tn.devteam.immonexus.Entities.SubjectForum.toString(SubjectForum.java:13)
	at java.base/java.lang.String.valueOf(String.java:2951)
	at java.base/java.lang.StringBuilder.append(StringBuilder.java:173)
	at tn.devteam.immonexus.Entities.Reaction.toString(Reaction.java:15)
	at java.base/java.lang.String.valueOf(String.java:2951)
	at java.base/java.lang.StringBuilder.append(StringBuilder.java:173)
	at java.base/java.util.AbstractCollection.toString(AbstractCollection.java:473)
	at org.hibernate.collection.internal.PersistentSet.toString(PersistentSet.java:328)
	at java.base/java.lang.String.valueOf(String.java:2951)
	at java.base/java.lang.StringBuilder.append(StringBuilder.java:173)
	at tn.devteam.immonexus.Entities.SubjectForum.toString(SubjectForum.java:13)
	at java.base/java.lang.String.valueOf(String.java:2951)
	at java.base/java.lang.StringBuilder.append(StringBuilder.java:173)
	at tn.devteam.immonexus.Entities.Reaction.toString(Reaction.java:15)
	at java.base/java.lang.String.valueOf(String.java:2951)
	at java.base/java.lang.StringBuilder.append(StringBuilder.java:173)
	at java.base/java.util.AbstractCollection.toString(AbstractCollection.java:473)
	at org.hibernate.collection.internal.PersistentSet.toString(PersistentSet.java:328)
	at java.base/java.lang.String.valueOf(String.java:2951)
	at java.base/java.lang.StringBuilder.append(StringBuilder.java:173)
	at tn.devteam.immonexus.Entities.SubjectForum.toString(SubjectForum.java:13)
	at java.base/java.lang.String.valueOf(String.java:2951)
	at java.base/java.lang.StringBuilder.append(StringBuilder.java:173)
	at tn.devteam.immonexus.Entities.Reaction.toString(Reaction.java:15)
	at java.base/java.lang.String.valueOf(String.java:2951)
	at java.base/java.lang.StringBuilder.append(StringBuilder.java:173)
	at java.base/java.util.AbstractCollection.toString(AbstractCollection.java:473)
	at org.hibernate.collection.internal.PersistentSet.toString(PersistentSet.java:328)
	at java.base/java.lang.String.valueOf(String.java:2951)
	at java.base/java.lang.StringBuilder.append(StringBuilder.java:173)
	at tn.devteam.immonexus.Entities.SubjectForum.toString(SubjectForum.java:13)
	at java.base/java.lang.String.valueOf(String.java:2951)
	at java.base/java.lang.StringBuilder.append(StringBuilder.java:173)
	at tn.devteam.immonexus.Entities.Reaction.toString(Reaction.java:15)
	at java.base/java.lang.String.valueOf(String.java:2951)
	at java.base/java.lang.StringBuilder.append(StringBuilder.java:173)
	at java.base/java.util.AbstractCollection.toString(AbstractCollection.java:473)
	at org.hibernate.collection.internal.PersistentSet.toString(PersistentSet.java:328)
	at java.base/java.lang.String.valueOf(String.java:2951)
	at java.base/java.lang.StringBuilder.append(StringBuilder.java:173)
	at tn.devteam.immonexus.Entities.SubjectForum.toString(SubjectForum.java:13)
	at java.base/java.lang.String.valueOf(String.java:2951)
	at java.base/java.lang.StringBuilder.append(StringBuilder.java:173)
	at tn.devteam.immonexus.Entities.Reaction.toString(Reaction.java:15)
	at java.base/java.lang.String.valueOf(String.java:2951)
	at java.base/java.lang.StringBuilder.append(StringBuilder.java:173)
	at java.base/java.util.AbstractCollection.toString(AbstractCollection.java:473)
	at org.hibernate.collection.internal.PersistentSet.toString(PersistentSet.java:328)
	at java.base/java.lang.String.valueOf(String.java:2951)
	at java.base/java.lang.StringBuilder.append(StringBuilder.java:173)
	at tn.devteam.immonexus.Entities.SubjectForum.toString(SubjectForum.java:13)
	at java.base/java.lang.String.valueOf(String.java:2951)
	at java.base/java.lang.StringBuilder.append(StringBuilder.java:173)
	at tn.devteam.immonexus.Entities.Reaction.toString(Reaction.java:15)
	at java.base/java.lang.String.valueOf(String.java:2951)
	at java.base/java.lang.StringBuilder.append(StringBuilder.java:173)
	at java.base/java.util.AbstractCollection.toString(AbstractCollection.java:473)
	at org.hibernate.collection.internal.PersistentSet.toString(PersistentSet.java:328)
	at java.base/java.lang.String.valueOf(String.java:2951)
	at java.base/java.lang.StringBuilder.append(StringBuilder.java:173)
	at tn.devteam.immonexus.Entities.SubjectForum.toString(SubjectForum.java:13)
	at java.base/java.lang.String.valueOf(String.java:2951)
	at java.base/java.lang.StringBuilder.append(StringBuilder.java:173)
	at tn.devteam.immonexus.Entities.Reaction.toString(Reaction.java:15)
	at java.base/java.lang.String.valueOf(String.java:2951)
	at java.base/java.lang.StringBuilder.append(StringBuilder.java:173)
	at java.base/java.util.AbstractCollection.toString(AbstractCollection.java:473)
	at org.hibernate.collection.internal.PersistentSet.toString(PersistentSet.java:328)
	at java.base/java.lang.String.valueOf(String.java:2951)
	at java.base/java.lang.StringBuilder.append(StringBuilder.java:173)
	at tn.devteam.immonexus.Entities.SubjectForum.toString(SubjectForum.java:13)
	at java.base/java.lang.String.valueOf(String.java:2951)
	at java.base/java.lang.StringBuilder.append(StringBuilder.java:173)
	at tn.devteam.immonexus.Entities.Reaction.toString(Reaction.java:15)
	at java.base/java.lang.String.valueOf(String.java:2951)
	at java.base/java.lang.StringBuilder.append(StringBuilder.java:173)
	at java.base/java.util.AbstractCollection.toString(AbstractCollection.java:473)
	at org.hibernate.collection.internal.PersistentSet.toString(PersistentSet.java:328)
	at java.base/java.lang.String.valueOf(String.java:2951)
	at java.base/java.lang.StringBuilder.append(StringBuilder.java:173)
	at tn.devteam.immonexus.Entities.SubjectForum.toString(SubjectForum.java:13)
	at java.base/java.lang.String.valueOf(String.java:2951)
	at java.base/java.lang.StringBuilder.append(StringBuilder.java:173)
	at tn.devteam.immonexus.Entities.Reaction.toString(Reaction.java:15)
	at java.base/java.lang.String.valueOf(String.java:2951)
	at java.base/java.lang.StringBuilder.append(StringBuilder.java:173)
	at java.base/java.util.AbstractCollection.toString(AbstractCollection.java:473)
	at org.hibernate.collection.internal.PersistentSet.toString(PersistentSet.java:328)
	at java.base/java.lang.String.valueOf(String.java:2951)
	at java.base/java.lang.StringBuilder.append(StringBuilder.java:173)
	at tn.devteam.immonexus.Entities.SubjectForum.toString(SubjectForum.java:13)
	at java.base/java.lang.String.valueOf(String.java:2951)
	at java.base/java.lang.StringBuilder.append(StringBuilder.java:173)
	at tn.devteam.immonexus.Entities.Reaction.toString(Reaction.java:15)
	at java.base/java.lang.String.valueOf(String.java:2951)
	at java.base/java.lang.StringBuilder.append(StringBuilder.java:173)
	at java.base/java.util.AbstractCollection.toString(AbstractCollection.java:473)
	at org.hibernate.collection.internal.PersistentSet.toString(PersistentSet.java:328)
	at java.base/java.lang.String.valueOf(String.java:2951)
	at java.base/java.lang.StringBuilder.append(StringBuilder.java:173)
	at tn.devteam.immonexus.Entities.SubjectForum.toString(SubjectForum.java:13)
	at java.base/java.lang.String.valueOf(String.java:2951)
	at java.base/java.lang.StringBuilder.append(StringBuilder.java:173)
	at tn.devteam.immonexus.Entities.Reaction.toString(Reaction.java:15)
	at java.base/java.lang.String.valueOf(String.java:2951)
	at java.base/java.lang.StringBuilder.append(StringBuilder.java:173)
	at java.base/java.util.AbstractCollection.toString(AbstractCollection.java:473)
	at org.hibernate.collection.internal.PersistentSet.toString(PersistentSet.java:328)
	at java.base/java.lang.String.valueOf(String.java:2951)
	at java.base/java.lang.StringBuilder.append(StringBuilder.java:173)
	at tn.devteam.immonexus.Entities.SubjectForum.toString(SubjectForum.java:13)
	at java.base/java.lang.String.valueOf(String.java:2951)
	at java.base/java.lang.StringBuilder.append(StringBuilder.java:173)
	at tn.devteam.immonexus.Entities.Reaction.toString(Reaction.java:15)
	at java.base/java.lang.String.valueOf(String.java:2951)
	at java.base/java.lang.StringBuilder.append(StringBuilder.java:173)
	at java.base/java.util.AbstractCollection.toString(AbstractCollection.java:473)
	at org.hibernate.collection.internal.PersistentSet.toString(PersistentSet.java:328)
	at java.base/java.lang.String.valueOf(String.java:2951)
	at java.base/java.lang.StringBuilder.append(StringBuilder.java:173)
	at tn.devteam.immonexus.Entities.SubjectForum.toString(SubjectForum.java:13)
	at java.base/java.lang.String.valueOf(String.java:2951)
	at java.base/java.lang.StringBuilder.append(StringBuilder.java:173)
	at tn.devteam.immonexus.Entities.Reaction.toString(Reaction.java:15)
	at java.base/java.lang.String.valueOf(String.java:2951)
	at java.base/java.lang.StringBuilder.append(StringBuilder.java:173)
	at java.base/java.util.AbstractCollection.toString(AbstractCollection.java:473)
	at org.hibernate.collection.internal.PersistentSet.toString(PersistentSet.java:328)
	at java.base/java.lang.String.valueOf(String.java:2951)
	at java.base/java.lang.StringBuilder.append(StringBuilder.java:173)
	at tn.devteam.immonexus.Entities.SubjectForum.toString(SubjectForum.java:13)
	at java.base/java.lang.String.valueOf(String.java:2951)
	at java.base/java.lang.StringBuilder.append(StringBuilder.java:173)
	at tn.devteam.immonexus.Entities.Reaction.toString(Reaction.java:15)
	at java.base/java.lang.String.valueOf(String.java:2951)
	at java.base/java.lang.StringBuilder.append(StringBuilder.java:173)
	at java.base/java.util.AbstractCollection.toString(AbstractCollection.java:473)
	at org.hibernate.collection.internal.PersistentSet.toString(PersistentSet.java:328)
	at java.base/java.lang.String.valueOf(String.java:2951)
	at java.base/java.lang.StringBuilder.append(StringBuilder.java:173)
	at tn.devteam.immonexus.Entities.SubjectForum.toString(SubjectForum.java:13)
	at java.base/java.lang.String.valueOf(String.java:2951)
	at java.base/java.lang.StringBuilder.append(StringBuilder.java:173)
	at tn.devteam.immonexus.Entities.Reaction.toString(Reaction.java:15)
	at java.base/java.lang.String.valueOf(String.java:2951)
	at java.base/java.lang.StringBuilder.append(StringBuilder.java:173)
	at java.base/java.util.AbstractCollection.toString(AbstractCollection.java:473)
	at org.hibernate.collection.internal.PersistentSet.toString(PersistentSet.java:328)
	at java.base/java.lang.String.valueOf(String.java:2951)
	at java.base/java.lang.StringBuilder.append(StringBuilder.java:173)
	at tn.devteam.immonexus.Entities.SubjectForum.toString(SubjectForum.java:13)
	at java.base/java.lang.String.valueOf(String.java:2951)
	at java.base/java.lang.StringBuilder.append(StringBuilder.java:173)
	at tn.devteam.immonexus.Entities.Reaction.toString(Reaction.java:15)
	at java.base/java.lang.String.valueOf(String.java:2951)
	at java.base/java.lang.StringBuilder.append(StringBuilder.java:173)
	at java.base/java.util.AbstractCollection.toString(AbstractCollection.java:473)
	at org.hibernate.collection.internal.PersistentSet.toString(PersistentSet.java:328)
	at java.base/java.lang.String.valueOf(String.java:2951)
	at java.base/java.lang.StringBuilder.append(StringBuilder.java:173)
	at tn.devteam.immonexus.Entities.SubjectForum.toString(SubjectForum.java:13)
	at java.base/java.lang.String.valueOf(String.java:2951)
	at java.base/java.lang.StringBuilder.append(StringBuilder.java:173)
	at tn.devteam.immonexus.Entities.Reaction.toString(Reaction.java:15)
	at java.base/java.lang.String.valueOf(String.java:2951)
	at java.base/java.lang.StringBuilder.append(StringBuilder.java:173)
	at java.base/java.util.AbstractCollection.toString(AbstractCollection.java:473)
	at org.hibernate.collection.internal.PersistentSet.toString(PersistentSet.java:328)
	at java.base/java.lang.String.valueOf(String.java:2951)
	at java.base/java.lang.StringBuilder.append(StringBuilder.java:173)
	at tn.devteam.immonexus.Entities.SubjectForum.toString(SubjectForum.java:13)
	at java.base/java.lang.String.valueOf(String.java:2951)
	at java.base/java.lang.StringBuilder.append(StringBuilder.java:173)
	at tn.devteam.immonexus.Entities.Reaction.toString(Reaction.java:15)
	at java.base/java.lang.String.valueOf(String.java:2951)
	at java.base/java.lang.StringBuilder.append(StringBuilder.java:173)
	at java.base/java.util.AbstractCollection.toString(AbstractCollection.java:473)
	at org.hibernate.collection.internal.PersistentSet.toString(PersistentSet.java:328)
	at java.base/java.lang.String.valueOf(String.java:2951)
	at java.base/java.lang.StringBuilder.append(StringBuilder.java:173)
	at tn.devteam.immonexus.Entities.SubjectForum.toString(SubjectForum.java:13)
	at java.base/java.lang.String.valueOf(String.java:2951)
	at java.base/java.lang.StringBuilder.append(StringBuilder.java:173)
	at tn.devteam.immonexus.Entities.Reaction.toString(Reaction.java:15)
	at java.base/java.lang.String.valueOf(String.java:2951)
	at java.base/java.lang.StringBuilder.append(StringBuilder.java:173)
	at java.base/java.util.AbstractCollection.toString(AbstractCollection.java:473)
	at org.hibernate.collection.internal.PersistentSet.toString(PersistentSet.java:328)
	at java.base/java.lang.String.valueOf(String.java:2951)
	at java.base/java.lang.StringBuilder.append(StringBuilder.java:173)
	at tn.devteam.immonexus.Entities.SubjectForum.toString(SubjectForum.java:13)
	at java.base/java.lang.String.valueOf(String.java:2951)
	at java.base/java.lang.StringBuilder.append(StringBuilder.java:173)
	at tn.devteam.immonexus.Entities.Reaction.toString(Reaction.java:15)
	at java.base/java.lang.String.valueOf(String.java:2951)
	at java.base/java.lang.StringBuilder.append(StringBuilder.java:173)
	at java.base/java.util.AbstractCollection.toString(AbstractCollection.java:473)
	at org.hibernate.collection.internal.PersistentSet.toString(PersistentSet.java:328)
	at java.base/java.lang.String.valueOf(String.java:2951)
	at java.base/java.lang.StringBuilder.append(StringBuilder.java:173)
	at tn.devteam.immonexus.Entities.SubjectForum.toString(SubjectForum.java:13)
	at java.base/java.lang.String.valueOf(String.java:2951)
	at java.base/java.lang.StringBuilder.append(StringBuilder.java:173)
	at tn.devteam.immonexus.Entities.Reaction.toString(Reaction.java:15)
	at java.base/java.lang.String.valueOf(String.java:2951)
	at java.base/java.lang.StringBuilder.append(StringBuilder.java:173)
	at java.base/java.util.AbstractCollection.toString(AbstractCollection.java:473)
	at org.hibernate.collection.internal.PersistentSet.toString(PersistentSet.java:328)
	at java.base/java.lang.String.valueOf(String.java:2951)
	at java.base/java.lang.StringBuilder.append(StringBuilder.java:173)
	at tn.devteam.immonexus.Entities.SubjectForum.toString(SubjectForum.java:13)
	at java.base/java.lang.String.valueOf(String.java:2951)
	at java.base/java.lang.StringBuilder.append(StringBuilder.java:173)
	at tn.devteam.immonexus.Entities.Reaction.toString(Reaction.java:15)
	at java.base/java.lang.String.valueOf(String.java:2951)
	at java.base/java.lang.StringBuilder.append(StringBuilder.java:173)
	at java.base/java.util.AbstractCollection.toString(AbstractCollection.java:473)
	at org.hibernate.collection.internal.PersistentSet.toString(PersistentSet.java:328)
	at java.base/java.lang.String.valueOf(String.java:2951)
	at java.base/java.lang.StringBuilder.append(StringBuilder.java:173)
	at tn.devteam.immonexus.Entities.SubjectForum.toString(SubjectForum.java:13)
	at java.base/java.lang.String.valueOf(String.java:2951)
	at java.base/java.lang.StringBuilder.append(StringBuilder.java:173)
	at tn.devteam.immonexus.Entities.Reaction.toString(Reaction.java:15)
	at java.base/java.lang.String.valueOf(String.java:2951)
	at java.base/java.lang.StringBuilder.append(StringBuilder.java:173)
	at java.base/java.util.AbstractCollection.toString(AbstractCollection.java:473)
	at org.hibernate.collection.internal.PersistentSet.toString(PersistentSet.java:328)
	at java.base/java.lang.String.valueOf(String.java:2951)
	at java.base/java.lang.StringBuilder.append(StringBuilder.java:173)
	at tn.devteam.immonexus.Entities.SubjectForum.toString(SubjectForum.java:13)
	at java.base/java.lang.String.valueOf(String.java:2951)
	at java.base/java.lang.StringBuilder.append(StringBuilder.java:173)
	at tn.devteam.immonexus.Entities.Reaction.toString(Reaction.java:15)
	at java.base/java.lang.String.valueOf(String.java:2951)
	at java.base/java.lang.StringBuilder.append(StringBuilder.java:173)
	at java.base/java.util.AbstractCollection.toString(AbstractCollection.java:473)
	at org.hibernate.collection.internal.PersistentSet.toString(PersistentSet.java:328)
	at java.base/java.lang.String.valueOf(String.java:2951)
	at java.base/java.lang.StringBuilder.append(StringBuilder.java:173)
	at tn.devteam.immonexus.Entities.SubjectForum.toString(SubjectForum.java:13)
	at java.base/java.lang.String.valueOf(String.java:2951)
	at java.base/java.lang.StringBuilder.append(StringBuilder.java:173)
	at tn.devteam.immonexus.Entities.Reaction.toString(Reaction.java:15)
	at java.base/java.lang.String.valueOf(String.java:2951)
	at java.base/java.lang.StringBuilder.append(StringBuilder.java:173)
	at java.base/java.util.AbstractCollection.toString(AbstractCollection.java:473)
	at org.hibernate.collection.internal.PersistentSet.toString(PersistentSet.java:328)
	at java.base/java.lang.String.valueOf(String.java:2951)
	at java.base/java.lang.StringBuilder.append(StringBuilder.java:173)
	at tn.devteam.immonexus.Entities.SubjectForum.toString(SubjectForum.java:13)
	at java.base/java.lang.String.valueOf(String.java:2951)
	at java.base/java.lang.StringBuilder.append(StringBuilder.java:173)
	at tn.devteam.immonexus.Entities.Reaction.toString(Reaction.java:15)
	at java.base/java.lang.String.valueOf(String.java:2951)
	at java.base/java.lang.StringBuilder.append(StringBuilder.java:173)
	at java.base/java.util.AbstractCollection.toString(AbstractCollection.java:473)
	at org.hibernate.collection.internal.PersistentSet.toString(PersistentSet.java:328)
	at java.base/java.lang.String.valueOf(String.java:2951)
	at java.base/java.lang.StringBuilder.append(StringBuilder.java:173)
	at tn.devteam.immonexus.Entities.SubjectForum.toString(SubjectForum.java:13)
	at java.base/java.lang.String.valueOf(String.java:2951)
	at java.base/java.lang.StringBuilder.append(StringBuilder.java:173)
	at tn.devteam.immonexus.Entities.Reaction.toString(Reaction.java:15)
	at java.base/java.lang.String.valueOf(String.java:2951)
	at java.base/java.lang.StringBuilder.append(StringBuilder.java:173)
	at java.base/java.util.AbstractCollection.toString(AbstractCollection.java:473)
	at org.hibernate.collection.internal.PersistentSet.toString(PersistentSet.java:328)
	at java.base/java.lang.String.valueOf(String.java:2951)
	at java.base/java.lang.StringBuilder.append(StringBuilder.java:173)
	at tn.devteam.immonexus.Entities.SubjectForum.toString(SubjectForum.java:13)
	at java.base/java.lang.String.valueOf(String.java:2951)
	at java.base/java.lang.StringBuilder.append(StringBuilder.java:173)
	at tn.devteam.immonexus.Entities.Reaction.toString(Reaction.java:15)
	at java.base/java.lang.String.valueOf(String.java:2951)
	at java.base/java.lang.StringBuilder.append(StringBuilder.java:173)
	at java.base/java.util.AbstractCollection.toString(AbstractCollection.java:473)
	at org.hibernate.collection.internal.PersistentSet.toString(PersistentSet.java:328)
	at java.base/java.lang.String.valueOf(String.java:2951)
	at java.base/java.lang.StringBuilder.append(StringBuilder.java:173)
	at tn.devteam.immonexus.Entities.SubjectForum.toString(SubjectForum.java:13)
	at java.base/java.lang.String.valueOf(String.java:2951)
	at java.base/java.lang.StringBuilder.append(StringBuilder.java:173)
	at tn.devteam.immonexus.Entities.Reaction.toString(Reaction.java:15)
	at java.base/java.lang.String.valueOf(String.java:2951)
	at java.base/java.lang.StringBuilder.append(StringBuilder.java:173)
	at java.base/java.util.AbstractCollection.toString(AbstractCollection.java:473)
	at org.hibernate.collection.internal.PersistentSet.toString(PersistentSet.java:328)
	at java.base/java.lang.String.valueOf(String.java:2951)
	at java.base/java.lang.StringBuilder.append(StringBuilder.java:173)
	at tn.devteam.immonexus.Entities.SubjectForum.toString(SubjectForum.java:13)
	at java.base/java.lang.String.valueOf(String.java:2951)
	at java.base/java.lang.StringBuilder.append(StringBuilder.java:173)
	at tn.devteam.immonexus.Entities.Reaction.toString(Reaction.java:15)
	at java.base/java.lang.String.valueOf(String.java:2951)
	at java.base/java.lang.StringBuilder.append(StringBuilder.java:173)
	at java.base/java.util.AbstractCollection.toString(AbstractCollection.java:473)
	at org.hibernate.collection.internal.PersistentSet.toString(PersistentSet.java:328)
	at java.base/java.lang.String.valueOf(String.java:2951)
	at java.base/java.lang.StringBuilder.append(StringBuilder.java:173)
	at tn.devteam.immonexus.Entities.SubjectForum.toString(SubjectForum.java:13)
	at java.base/java.lang.String.valueOf(String.java:2951)
	at java.base/java.lang.StringBuilder.append(StringBuilder.java:173)
	at tn.devteam.immonexus.Entities.Reaction.toString(Reaction.java:15)
	at java.base/java.lang.String.valueOf(String.java:2951)
	at java.base/java.lang.StringBuilder.append(StringBuilder.java:173)
	at java.base/java.util.AbstractCollection.toString(AbstractCollection.java:473)
	at org.hibernate.collection.internal.PersistentSet.toString(PersistentSet.java:328)
	at java.base/java.lang.String.valueOf(String.java:2951)
	at java.base/java.lang.StringBuilder.append(StringBuilder.java:173)
	at tn.devteam.immonexus.Entities.SubjectForum.toString(SubjectForum.java:13)
	at java.base/java.lang.String.valueOf(String.java:2951)
	at java.base/java.lang.StringBuilder.append(StringBuilder.java:173)
	at tn.devteam.immonexus.Entities.Reaction.toString(Reaction.java:15)
	at java.base/java.lang.String.valueOf(String.java:2951)
	at java.base/java.lang.StringBuilder.append(StringBuilder.java:173)
	at java.base/java.util.AbstractCollection.toString(AbstractCollection.java:473)
	at org.hibernate.collection.internal.PersistentSet.toString(PersistentSet.java:328)
	at java.base/java.lang.String.valueOf(String.java:2951)
	at java.base/java.lang.StringBuilder.append(StringBuilder.java:173)
	at tn.devteam.immonexus.Entities.SubjectForum.toString(SubjectForum.java:13)
	at java.base/java.lang.String.valueOf(String.java:2951)
	at java.base/java.lang.StringBuilder.append(StringBuilder.java:173)
	at tn.devteam.immonexus.Entities.Reaction.toString(Reaction.java:15)
	at java.base/java.lang.String.valueOf(String.java:2951)
	at java.base/java.lang.StringBuilder.append(StringBuilder.java:173)
	at java.base/java.util.AbstractCollection.toString(AbstractCollection.java:473)
	at org.hibernate.collection.internal.PersistentSet.toString(PersistentSet.java:328)
	at java.base/java.lang.String.valueOf(String.java:2951)
	at java.base/java.lang.StringBuilder.append(StringBuilder.java:173)
	at tn.devteam.immonexus.Entities.SubjectForum.toString(SubjectForum.java:13)
	at java.base/java.lang.String.valueOf(String.java:2951)
	at java.base/java.lang.StringBuilder.append(StringBuilder.java:173)
	at tn.devteam.immonexus.Entities.Reaction.toString(Reaction.java:15)
	at java.base/java.lang.String.valueOf(String.java:2951)
	at java.base/java.lang.StringBuilder.append(StringBuilder.java:173)
	at java.base/java.util.AbstractCollection.toString(AbstractCollection.java:473)
	at org.hibernate.collection.internal.PersistentSet.toString(PersistentSet.java:328)
	at java.base/java.lang.String.valueOf(String.java:2951)
	at java.base/java.lang.StringBuilder.append(StringBuilder.java:173)
	at tn.devteam.immonexus.Entities.SubjectForum.toString(SubjectForum.java:13)
	at java.base/java.lang.String.valueOf(String.java:2951)
	at java.base/java.lang.StringBuilder.append(StringBuilder.java:173)
	at tn.devteam.immonexus.Entities.Reaction.toString(Reaction.java:15)
	at java.base/java.lang.String.valueOf(String.java:2951)
	at java.base/java.lang.StringBuilder.append(StringBuilder.java:173)
	at java.base/java.util.AbstractCollection.toString(AbstractCollection.java:473)
	at org.hibernate.collection.internal.PersistentSet.toString(PersistentSet.java:328)
	at java.base/java.lang.String.valueOf(String.java:2951)
	at java.base/java.lang.StringBuilder.append(StringBuilder.java:173)
	at tn.devteam.immonexus.Entities.SubjectForum.toString(SubjectForum.java:13)
	at java.base/java.lang.String.valueOf(String.java:2951)
	at java.base/java.lang.StringBuilder.append(StringBuilder.java:173)
	at tn.devteam.immonexus.Entities.Reaction.toString(Reaction.java:15)
	at java.base/java.lang.String.valueOf(String.java:2951)
	at java.base/java.lang.StringBuilder.append(StringBuilder.java:173)
	at java.base/java.util.AbstractCollection.toString(AbstractCollection.java:473)
	at org.hibernate.collection.internal.PersistentSet.toString(PersistentSet.java:328)
	at java.base/java.lang.String.valueOf(String.java:2951)
	at java.base/java.lang.StringBuilder.append(StringBuilder.java:173)
	at tn.devteam.immonexus.Entities.SubjectForum.toString(SubjectForum.java:13)
	at java.base/java.lang.String.valueOf(String.java:2951)
	at java.base/java.lang.StringBuilder.append(StringBuilder.java:173)
	at tn.devteam.immonexus.Entities.Reaction.toString(Reaction.java:15)
	at java.base/java.lang.String.valueOf(String.java:2951)
	at java.base/java.lang.StringBuilder.append(StringBuilder.java:173)
	at java.base/java.util.AbstractCollection.toString(AbstractCollection.java:473)
	at org.hibernate.collection.internal.PersistentSet.toString(PersistentSet.java:328)
	at java.base/java.lang.String.valueOf(String.java:2951)
	at java.base/java.lang.StringBuilder.append(StringBuilder.java:173)
	at tn.devteam.immonexus.Entities.SubjectForum.toString(SubjectForum.java:13)
	at java.base/java.lang.String.valueOf(String.java:2951)
	at java.base/java.lang.StringBuilder.append(StringBuilder.java:173)
	at tn.devteam.immonexus.Entities.Reaction.toString(Reaction.java:15)
	at java.base/java.lang.String.valueOf(String.java:2951)
	at java.base/java.lang.StringBuilder.append(StringBuilder.java:173)
	at java.base/java.util.AbstractCollection.toString(AbstractCollection.java:473)
	at org.hibernate.collection.internal.PersistentSet.toString(PersistentSet.java:328)
	at java.base/java.lang.String.valueOf(String.java:2951)
	at java.base/java.lang.StringBuilder.append(StringBuilder.java:173)
	at tn.devteam.immonexus.Entities.SubjectForum.toString(SubjectForum.java:13)
	at java.base/java.lang.String.valueOf(String.java:2951)
	at java.base/java.lang.StringBuilder.append(StringBuilder.java:173)
	at tn.devteam.immonexus.Entities.Reaction.toString(Reaction.java:15)
	at java.base/java.lang.String.valueOf(String.java:2951)
	at java.base/java.lang.StringBuilder.append(StringBuilder.java:173)
	at java.base/java.util.AbstractCollection.toString(AbstractCollection.java:473)
	at org.hibernate.collection.internal.PersistentSet.toString(PersistentSet.java:328)
	at java.base/java.lang.String.valueOf(String.java:2951)
	at java.base/java.lang.StringBuilder.append(StringBuilder.java:173)
	at tn.devteam.immonexus.Entities.SubjectForum.toString(SubjectForum.java:13)
	at java.base/java.lang.String.valueOf(String.java:2951)
	at java.base/java.lang.StringBuilder.append(StringBuilder.java:173)
	at tn.devteam.immonexus.Entities.Reaction.toString(Reaction.java:15)
	at java.base/java.lang.String.valueOf(String.java:2951)
	at java.base/java.lang.StringBuilder.append(StringBuilder.java:173)
	at java.base/java.util.AbstractCollection.toString(AbstractCollection.java:473)
	at org.hibernate.collection.internal.PersistentSet.toString(PersistentSet.java:328)
	at java.base/java.lang.String.valueOf(String.java:2951)
	at java.base/java.lang.StringBuilder.append(StringBuilder.java:173)
	at tn.devteam.immonexus.Entities.SubjectForum.toString(SubjectForum.java:13)
	at java.base/java.lang.String.valueOf(String.java:2951)
	at java.base/java.lang.StringBuilder.append(StringBuilder.java:173)
	at tn.devteam.immonexus.Entities.Reaction.toString(Reaction.java:15)
	at java.base/java.lang.String.valueOf(String.java:2951)
	at java.base/java.lang.StringBuilder.append(StringBuilder.java:173)
	at java.base/java.util.AbstractCollection.toString(AbstractCollection.java:473)
	at org.hibernate.collection.internal.PersistentSet.toString(PersistentSet.java:328)
	at java.base/java.lang.String.valueOf(String.java:2951)
	at java.base/java.lang.StringBuilder.append(StringBuilder.java:173)
	at tn.devteam.immonexus.Entities.SubjectForum.toString(SubjectForum.java:13)
	at java.base/java.lang.String.valueOf(String.java:2951)
	at java.base/java.lang.StringBuilder.append(StringBuilder.java:173)
	at tn.devteam.immonexus.Entities.Reaction.toString(Reaction.java:15)
	at java.base/java.lang.String.valueOf(String.java:2951)
	at java.base/java.lang.StringBuilder.append(StringBuilder.java:173)
	at java.base/java.util.AbstractCollection.toString(AbstractCollection.java:473)
	at org.hibernate.collection.internal.PersistentSet.toString(PersistentSet.java:328)
	at java.base/java.lang.String.valueOf(String.java:2951)
	at java.base/java.lang.StringBuilder.append(StringBuilder.java:173)
	at tn.devteam.immonexus.Entities.SubjectForum.toString(SubjectForum.java:13)
	at java.base/java.lang.String.valueOf(String.java:2951)
	at java.base/java.lang.StringBuilder.append(StringBuilder.java:173)
	at tn.devteam.immonexus.Entities.Reaction.toString(Reaction.java:15)
	at java.base/java.lang.String.valueOf(String.java:2951)
	at java.base/java.lang.StringBuilder.append(StringBuilder.java:173)
	at java.base/java.util.AbstractCollection.toString(AbstractCollection.java:473)
	at org.hibernate.collection.internal.PersistentSet.toString(PersistentSet.java:328)
	at java.base/java.lang.String.valueOf(String.java:2951)
	at java.base/java.lang.StringBuilder.append(StringBuilder.java:173)
	at tn.devteam.immonexus.Entities.SubjectForum.toString(SubjectForum.java:13)
	at java.base/java.lang.String.valueOf(String.java:2951)
	at java.base/java.lang.StringBuilder.append(StringBuilder.java:173)
	at tn.devteam.immonexus.Entities.Reaction.toString(Reaction.java:15)
	at java.base/java.lang.String.valueOf(String.java:2951)
	at java.base/java.lang.StringBuilder.append(StringBuilder.java:173)
	at java.base/java.util.AbstractCollection.toString(AbstractCollection.java:473)
	at org.hibernate.collection.internal.PersistentSet.toString(PersistentSet.java:328)
	at java.base/java.lang.String.valueOf(String.java:2951)
	at java.base/java.lang.StringBuilder.append(StringBuilder.java:173)
	at tn.devteam.immonexus.Entities.SubjectForum.toString(SubjectForum.java:13)
	at java.base/java.lang.String.valueOf(String.java:2951)
	at java.base/java.lang.StringBuilder.append(StringBuilder.java:173)
	at tn.devteam.immonexus.Entities.Reaction.toString(Reaction.java:15)
	at java.base/java.lang.String.valueOf(String.java:2951)
	at java.base/java.lang.StringBuilder.append(StringBuilder.java:173)
	at java.base/java.util.AbstractCollection.toString(AbstractCollection.java:473)
	at org.hibernate.collection.internal.PersistentSet.toString(PersistentSet.java:328)
	at java.base/java.lang.String.valueOf(String.java:2951)
	at java.base/java.lang.StringBuilder.append(StringBuilder.java:173)
	at tn.devteam.immonexus.Entities.SubjectForum.toString(SubjectForum.java:13)
	at java.base/java.lang.String.valueOf(String.java:2951)
	at java.base/java.lang.StringBuilder.append(StringBuilder.java:173)
	at tn.devteam.immonexus.Entities.Reaction.toString(Reaction.java:15)
	at java.base/java.lang.String.valueOf(String.java:2951)
	at java.base/java.lang.StringBuilder.append(StringBuilder.java:173)
	at java.base/java.util.AbstractCollection.toString(AbstractCollection.java:473)
	at org.hibernate.collection.internal.PersistentSet.toString(PersistentSet.java:328)
	at java.base/java.lang.String.valueOf(String.java:2951)
	at java.base/java.lang.StringBuilder.append(StringBuilder.java:173)
	at tn.devteam.immonexus.Entities.SubjectForum.toString(SubjectForum.java:13)
	at java.base/java.lang.String.valueOf(String.java:2951)
	at java.base/java.lang.StringBuilder.append(StringBuilder.java:173)
	at tn.devteam.immonexus.Entities.Reaction.toString(Reaction.java:15)
	at java.base/java.lang.String.valueOf(String.java:2951)
	at java.base/java.lang.StringBuilder.append(StringBuilder.java:173)
	at java.base/java.util.AbstractCollection.toString(AbstractCollection.java:473)
	at org.hibernate.collection.internal.PersistentSet.toString(PersistentSet.java:328)
	at java.base/java.lang.String.valueOf(String.java:2951)
	at java.base/java.lang.StringBuilder.append(StringBuilder.java:173)
	at tn.devteam.immonexus.Entities.SubjectForum.toString(SubjectForum.java:13)
	at java.base/java.lang.String.valueOf(String.java:2951)
	at java.base/java.lang.StringBuilder.append(StringBuilder.java:173)
	at tn.devteam.immonexus.Entities.Reaction.toString(Reaction.java:15)
	at java.base/java.lang.String.valueOf(String.java:2951)
	at java.base/java.lang.StringBuilder.append(StringBuilder.java:173)
	at java.base/java.util.AbstractCollection.toString(AbstractCollection.java:473)
	at org.hibernate.collection.internal.PersistentSet.toString(PersistentSet.java:328)
	at java.base/java.lang.String.valueOf(String.java:2951)
	at java.base/java.lang.StringBuilder.append(StringBuilder.java:173)
	at tn.devteam.immonexus.Entities.SubjectForum.toString(SubjectForum.java:13)
	at java.base/java.lang.String.valueOf(String.java:2951)
	at java.base/java.lang.StringBuilder.append(StringBuilder.java:173)
	at tn.devteam.immonexus.Entities.Reaction.toString(Reaction.java:15)
	at java.base/java.lang.String.valueOf(String.java:2951)
	at java.base/java.lang.StringBuilder.append(StringBuilder.java:173)
	at java.base/java.util.AbstractCollection.toString(AbstractCollection.java:473)
	at org.hibernate.collection.internal.PersistentSet.toString(PersistentSet.java:328)
	at java.base/java.lang.String.valueOf(String.java:2951)
	at java.base/java.lang.StringBuilder.append(StringBuilder.java:173)
	at tn.devteam.immonexus.Entities.SubjectForum.toString(SubjectForum.java:13)
	at java.base/java.lang.String.valueOf(String.java:2951)
	at java.base/java.lang.StringBuilder.append(StringBuilder.java:173)
	at tn.devteam.immonexus.Entities.Reaction.toString(Reaction.java:15)
	at java.base/java.lang.String.valueOf(String.java:2951)
	at java.base/java.lang.StringBuilder.append(StringBuilder.java:173)
	at java.base/java.util.AbstractCollection.toString(AbstractCollection.java:473)
	at org.hibernate.collection.internal.PersistentSet.toString(PersistentSet.java:328)
	at java.base/java.lang.String.valueOf(String.java:2951)
	at java.base/java.lang.StringBuilder.append(StringBuilder.java:173)
	at tn.devteam.immonexus.Entities.SubjectForum.toString(SubjectForum.java:13)
	at java.base/java.lang.String.valueOf(String.java:2951)
	at java.base/java.lang.StringBuilder.append(StringBuilder.java:173)
	at tn.devteam.immonexus.Entities.Reaction.toString(Reaction.java:15)
	at java.base/java.lang.String.valueOf(String.java:2951)
	at java.base/java.lang.StringBuilder.append(StringBuilder.java:173)
	at java.base/java.util.AbstractCollection.toString(AbstractCollection.java:473)
	at org.hibernate.collection.internal.PersistentSet.toString(PersistentSet.java:328)
	at java.base/java.lang.String.valueOf(String.java:2951)
	at java.base/java.lang.StringBuilder.append(StringBuilder.java:173)
	at tn.devteam.immonexus.Entities.SubjectForum.toString(SubjectForum.java:13)
	at java.base/java.lang.String.valueOf(String.java:2951)
	at java.base/java.lang.StringBuilder.append(StringBuilder.java:173)
	at tn.devteam.immonexus.Entities.Reaction.toString(Reaction.java:15)
	at java.base/java.lang.String.valueOf(String.java:2951)
	at java.base/java.lang.StringBuilder.append(StringBuilder.java:173)
	at java.base/java.util.AbstractCollection.toString(AbstractCollection.java:473)
	at org.hibernate.collection.internal.PersistentSet.toString(PersistentSet.java:328)
	at java.base/java.lang.String.valueOf(String.java:2951)
	at java.base/java.lang.StringBuilder.append(StringBuilder.java:173)
	at tn.devteam.immonexus.Entities.SubjectForum.toString(SubjectForum.java:13)
	at java.base/java.lang.String.valueOf(String.java:2951)
	at java.base/java.lang.StringBuilder.append(StringBuilder.java:173)
	at tn.devteam.immonexus.Entities.Reaction.toString(Reaction.java:15)
	at java.base/java.lang.String.valueOf(String.java:2951)
	at java.base/java.lang.StringBuilder.append(StringBuilder.java:173)
	at java.base/java.util.AbstractCollection.toString(AbstractCollection.java:473)
	at org.hibernate.collection.internal.PersistentSet.toString(PersistentSet.java:328)
	at java.base/java.lang.String.valueOf(String.java:2951)
	at java.base/java.lang.StringBuilder.append(StringBuilder.java:173)
	at tn.devteam.immonexus.Entities.SubjectForum.toString(SubjectForum.java:13)
	at java.base/java.lang.String.valueOf(String.java:2951)
	at java.base/java.lang.StringBuilder.append(StringBuilder.java:173)
	at tn.devteam.immonexus.Entities.Reaction.toString(Reaction.java:15)
	at java.base/java.lang.String.valueOf(String.java:2951)
	at java.base/java.lang.StringBuilder.append(StringBuilder.java:173)
	at java.base/java.util.AbstractCollection.toString(AbstractCollection.java:473)
	at org.hibernate.collection.internal.PersistentSet.toString(PersistentSet.java:328)
	at java.base/java.lang.String.valueOf(String.java:2951)
	at java.base/java.lang.StringBuilder.append(StringBuilder.java:173)
	at tn.devteam.immonexus.Entities.SubjectForum.toString(SubjectForum.java:13)
	at java.base/java.lang.String.valueOf(String.java:2951)
	at java.base/java.lang.StringBuilder.append(StringBuilder.java:173)
	at tn.devteam.immonexus.Entities.Reaction.toString(Reaction.java:15)
	at java.base/java.lang.String.valueOf(String.java:2951)
	at java.base/java.lang.StringBuilder.append(StringBuilder.java:173)
	at java.base/java.util.AbstractCollection.toString(AbstractCollection.java:473)
	at org.hibernate.collection.internal.PersistentSet.toString(PersistentSet.java:328)
	at java.base/java.lang.String.valueOf(String.java:2951)
	at java.base/java.lang.StringBuilder.append(StringBuilder.java:173)
	at tn.devteam.immonexus.Entities.SubjectForum.toString(SubjectForum.java:13)
	at java.base/java.lang.String.valueOf(String.java:2951)
	at java.base/java.lang.StringBuilder.append(StringBuilder.java:173)
	at tn.devteam.immonexus.Entities.Reaction.toString(Reaction.java:15)
	at java.base/java.lang.String.valueOf(String.java:2951)
	at java.base/java.lang.StringBuilder.append(StringBuilder.java:173)
	at java.base/java.util.AbstractCollection.toString(AbstractCollection.java:473)
	at org.hibernate.collection.internal.PersistentSet.toString(PersistentSet.java:328)
	at java.base/java.lang.String.valueOf(String.java:2951)
	at java.base/java.lang.StringBuilder.append(StringBuilder.java:173)
	at tn.devteam.immonexus.Entities.SubjectForum.toString(SubjectForum.java:13)
	at java.base/java.lang.String.valueOf(String.java:2951)
	at java.base/java.lang.StringBuilder.append(StringBuilder.java:173)
	at tn.devteam.immonexus.Entities.Reaction.toString(Reaction.java:15)
	at java.base/java.lang.String.valueOf(String.java:2951)
	at java.base/java.lang.StringBuilder.append(StringBuilder.java:173)
	at java.base/java.util.AbstractCollection.toString(AbstractCollection.java:473)
	at org.hibernate.collection.internal.PersistentSet.toString(PersistentSet.java:328)
	at java.base/java.lang.String.valueOf(String.java:2951)
	at java.base/java.lang.StringBuilder.append(StringBuilder.java:173)
	at tn.devteam.immonexus.Entities.SubjectForum.toString(SubjectForum.java:13)
	at java.base/java.lang.String.valueOf(String.java:2951)
	at java.base/java.lang.StringBuilder.append(StringBuilder.java:173)
	at tn.devteam.immonexus.Entities.Reaction.toString(Reaction.java:15)
	at java.base/java.lang.String.valueOf(String.java:2951)
	at java.base/java.lang.StringBuilder.append(StringBuilder.java:173)
	at java.base/java.util.AbstractCollection.toString(AbstractCollection.java:473)
	at org.hibernate.collection.internal.PersistentSet.toString(PersistentSet.java:328)
	at java.base/java.lang.String.valueOf(String.java:2951)
	at java.base/java.lang.StringBuilder.append(StringBuilder.java:173)
	at tn.devteam.immonexus.Entities.SubjectForum.toString(SubjectForum.java:13)
	at java.base/java.lang.String.valueOf(String.java:2951)
	at java.base/java.lang.StringBuilder.append(StringBuilder.java:173)
	at tn.devteam.immonexus.Entities.Reaction.toString(Reaction.java:15)
	at java.base/java.lang.String.valueOf(String.java:2951)
	at java.base/java.lang.StringBuilder.append(StringBuilder.java:173)
	at java.base/java.util.AbstractCollection.toString(AbstractCollection.java:473)
	at org.hibernate.collection.internal.PersistentSet.toString(PersistentSet.java:328)
	at java.base/java.lang.String.valueOf(String.java:2951)
	at java.base/java.lang.StringBuilder.append(StringBuilder.java:173)
	at tn.devteam.immonexus.Entities.SubjectForum.toString(SubjectForum.java:13)
	at java.base/java.lang.String.valueOf(String.java:2951)
	at java.base/java.lang.StringBuilder.append(StringBuilder.java:173)
	at tn.devteam.immonexus.Entities.Reaction.toString(Reaction.java:15)
	at java.base/java.lang.String.valueOf(String.java:2951)
	at java.base/java.lang.StringBuilder.append(StringBuilder.java:173)
	at java.base/java.util.AbstractCollection.toString(AbstractCollection.java:473)
	at org.hibernate.collection.internal.PersistentSet.toString(PersistentSet.java:328)
	at java.base/java.lang.String.valueOf(String.java:2951)
	at java.base/java.lang.StringBuilder.append(StringBuilder.java:173)
	at tn.devteam.immonexus.Entities.SubjectForum.toString(SubjectForum.java:13)
	at java.base/java.lang.String.valueOf(String.java:2951)
	at java.base/java.lang.StringBuilder.append(StringBuilder.java:173)
	at tn.devteam.immonexus.Entities.Reaction.toString(Reaction.java:15)
	at java.base/java.lang.String.valueOf(String.java:2951)
	at java.base/java.lang.StringBuilder.append(StringBuilder.java:173)
	at java.base/java.util.AbstractCollection.toString(AbstractCollection.java:473)
	at org.hibernate.collection.internal.PersistentSet.toString(PersistentSet.java:328)
	at java.base/java.lang.String.valueOf(String.java:2951)
	at java.base/java.lang.StringBuilder.append(StringBuilder.java:173)
	at tn.devteam.immonexus.Entities.SubjectForum.toString(SubjectForum.java:13)
	at java.base/java.lang.String.valueOf(String.java:2951)
	at java.base/java.lang.StringBuilder.append(StringBuilder.java:173)
	at tn.devteam.immonexus.Entities.Reaction.toString(Reaction.java:15)
	at java.base/java.lang.String.valueOf(String.java:2951)
	at java.base/java.lang.StringBuilder.append(StringBuilder.java:173)
	at java.base/java.util.AbstractCollection.toString(AbstractCollection.java:473)
	at org.hibernate.collection.internal.PersistentSet.toString(PersistentSet.java:328)
	at java.base/java.lang.String.valueOf(String.java:2951)
	at java.base/java.lang.StringBuilder.append(StringBuilder.java:173)
	at tn.devteam.immonexus.Entities.SubjectForum.toString(SubjectForum.java:13)
	at java.base/java.lang.String.valueOf(String.java:2951)
	at java.base/java.lang.StringBuilder.append(StringBuilder.java:173)
	at tn.devteam.immonexus.Entities.Reaction.toString(Reaction.java:15)
	at java.base/java.lang.String.valueOf(String.java:2951)
	at java.base/java.lang.StringBuilder.append(StringBuilder.java:173)
	at java.base/java.util.AbstractCollection.toString(AbstractCollection.java:473)
	at org.hibernate.collection.internal.PersistentSet.toString(PersistentSet.java:328)
	at java.base/java.lang.String.valueOf(String.java:2951)
	at java.base/java.lang.StringBuilder.append(StringBuilder.java:173)
	at tn.devteam.immonexus.Entities.SubjectForum.toString(SubjectForum.java:13)
	at java.base/java.lang.String.valueOf(String.java:2951)
	at java.base/java.lang.StringBuilder.append(StringBuilder.java:173)
	at tn.devteam.immonexus.Entities.Reaction.toString(Reaction.java:15)
	at java.base/java.lang.String.valueOf(String.java:2951)
	at java.base/java.lang.StringBuilder.append(StringBuilder.java:173)
	at java.base/java.util.AbstractCollection.toString(AbstractCollection.java:473)
	at org.hibernate.collection.internal.PersistentSet.toString(PersistentSet.java:328)
	at java.base/java.lang.String.valueOf(String.java:2951)
	at java.base/java.lang.StringBuilder.append(StringBuilder.java:173)
	at tn.devteam.immonexus.Entities.SubjectForum.toString(SubjectForum.java:13)
	at java.base/java.lang.String.valueOf(String.java:2951)
	at java.base/java.lang.StringBuilder.append(StringBuilder.java:173)
	at tn.devteam.immonexus.Entities.Reaction.toString(Reaction.java:15)
	at java.base/java.lang.String.valueOf(String.java:2951)
	at java.base/java.lang.StringBuilder.append(StringBuilder.java:173)
	at java.base/java.util.AbstractCollection.toString(AbstractCollection.java:473)
	at org.hibernate.collection.internal.PersistentSet.toString(PersistentSet.java:328)
	at java.base/java.lang.String.valueOf(String.java:2951)
	at java.base/java.lang.StringBuilder.append(StringBuilder.java:173)
	at tn.devteam.immonexus.Entities.SubjectForum.toString(SubjectForum.java:13)
	at java.base/java.lang.String.valueOf(String.java:2951)
	at java.base/java.lang.StringBuilder.append(StringBuilder.java:173)
	at tn.devteam.immonexus.Entities.Reaction.toString(Reaction.java:15)
	at java.base/java.lang.String.valueOf(String.java:2951)
	at java.base/java.lang.StringBuilder.append(StringBuilder.java:173)
	at java.base/java.util.AbstractCollection.toString(AbstractCollection.java:473)
	at org.hibernate.collection.internal.PersistentSet.toString(PersistentSet.java:328)
	at java.base/java.lang.String.valueOf(String.java:2951)
	at java.base/java.lang.StringBuilder.append(StringBuilder.java:173)
	at tn.devteam.immonexus.Entities.SubjectForum.toString(SubjectForum.java:13)
	at java.base/java.lang.String.valueOf(String.java:2951)
	at java.base/java.lang.StringBuilder.append(StringBuilder.java:173)
	at tn.devteam.immonexus.Entities.Reaction.toString(Reaction.java:15)
	at java.base/java.lang.String.valueOf(String.java:2951)
	at java.base/java.lang.StringBuilder.append(StringBuilder.java:173)
	at java.base/java.util.AbstractCollection.toString(AbstractCollection.java:473)
	at org.hibernate.collection.internal.PersistentSet.toString(PersistentSet.java:328)
	at java.base/java.lang.String.valueOf(String.java:2951)
	at java.base/java.lang.StringBuilder.append(StringBuilder.java:173)
	at tn.devteam.immonexus.Entities.SubjectForum.toString(SubjectForum.java:13)
	at java.base/java.lang.String.valueOf(String.java:2951)
	at java.base/java.lang.StringBuilder.append(StringBuilder.java:173)
	at tn.devteam.immonexus.Entities.Reaction.toString(Reaction.java:15)
	at java.base/java.lang.String.valueOf(String.java:2951)
	at java.base/java.lang.StringBuilder.append(StringBuilder.java:173)
	at java.base/java.util.AbstractCollection.toString(AbstractCollection.java:473)
	at org.hibernate.collection.internal.PersistentSet.toString(PersistentSet.java:328)
	at java.base/java.lang.String.valueOf(String.java:2951)
	at java.base/java.lang.StringBuilder.append(StringBuilder.java:173)
	at tn.devteam.immonexus.Entities.SubjectForum.toString(SubjectForum.java:13)
	at java.base/java.lang.String.valueOf(String.java:2951)
	at java.base/java.lang.StringBuilder.append(StringBuilder.java:173)
	at tn.devteam.immonexus.Entities.Reaction.toString(Reaction.java:15)
	at java.base/java.lang.String.valueOf(String.java:2951)
	at java.base/java.lang.StringBuilder.append(StringBuilder.java:173)
	at java.base/java.util.AbstractCollection.toString(AbstractCollection.java:473)
	at org.hibernate.collection.internal.PersistentSet.toString(PersistentSet.java:328)
	at java.base/java.lang.String.valueOf(String.java:2951)
	at java.base/java.lang.StringBuilder.append(StringBuilder.java:173)
	at tn.devteam.immonexus.Entities.SubjectForum.toString(SubjectForum.java:13)
	at java.base/java.lang.String.valueOf(String.java:2951)
	at java.base/java.lang.StringBuilder.append(StringBuilder.java:173)
	at tn.devteam.immonexus.Entities.Reaction.toString(Reaction.java:15)
	at java.base/java.lang.String.valueOf(String.java:2951)
	at java.base/java.lang.StringBuilder.append(StringBuilder.java:173)
	at java.base/java.util.AbstractCollection.toString(AbstractCollection.java:473)
	at org.hibernate.collection.internal.PersistentSet.toString(PersistentSet.java:328)
	at java.base/java.lang.String.valueOf(String.java:2951)
	at java.base/java.lang.StringBuilder.append(StringBuilder.java:173)
	at tn.devteam.immonexus.Entities.SubjectForum.toString(SubjectForum.java:13)
	at java.base/java.lang.String.valueOf(String.java:2951)
	at java.base/java.lang.StringBuilder.append(StringBuilder.java:173)
	at tn.devteam.immonexus.Entities.Reaction.toString(Reaction.java:15)
	at java.base/java.lang.String.valueOf(String.java:2951)
	at java.base/java.lang.StringBuilder.append(StringBuilder.java:173)
	at java.base/java.util.AbstractCollection.toString(AbstractCollection.java:473)
	at org.hibernate.collection.internal.PersistentSet.toString(PersistentSet.java:328)
	at java.base/java.lang.String.valueOf(String.java:2951)
	at java.base/java.lang.StringBuilder.append(StringBuilder.java:173)
	at tn.devteam.immonexus.Entities.SubjectForum.toString(SubjectForum.java:13)
	at java.base/java.lang.String.valueOf(String.java:2951)
	at java.base/java.lang.StringBuilder.append(StringBuilder.java:173)
	at tn.devteam.immonexus.Entities.Reaction.toString(Reaction.java:15)
	at java.base/java.lang.String.valueOf(String.java:2951)
	at java.base/java.lang.StringBuilder.append(StringBuilder.java:173)
	at java.base/java.util.AbstractCollection.toString(AbstractCollection.java:473)
	at org.hibernate.collection.internal.PersistentSet.toString(PersistentSet.java:328)
	at java.base/java.lang.String.valueOf(String.java:2951)
	at java.base/java.lang.StringBuilder.append(StringBuilder.java:173)
	at tn.devteam.immonexus.Entities.SubjectForum.toString(SubjectForum.java:13)
	at java.base/java.lang.String.valueOf(String.java:2951)
	at java.base/java.lang.StringBuilder.append(StringBuilder.java:173)
	at tn.devteam.immonexus.Entities.Reaction.toString(Reaction.java:15)
	at java.base/java.lang.String.valueOf(String.java:2951)
	at java.base/java.lang.StringBuilder.append(StringBuilder.java:173)
	at java.base/java.util.AbstractCollection.toString(AbstractCollection.java:473)
	at org.hibernate.collection.internal.PersistentSet.toString(PersistentSet.java:328)
	at java.base/java.lang.String.valueOf(String.java:2951)
	at java.base/java.lang.StringBuilder.append(StringBuilder.java:173)
	at tn.devteam.immonexus.Entities.SubjectForum.toString(SubjectForum.java:13)
	at java.base/java.lang.String.valueOf(String.java:2951)
	at java.base/java.lang.StringBuilder.append(StringBuilder.java:173)
	at tn.devteam.immonexus.Entities.Reaction.toString(Reaction.java:15)
	at java.base/java.lang.String.valueOf(String.java:2951)
	at java.base/java.lang.StringBuilder.append(StringBuilder.java:173)
	at java.base/java.util.AbstractCollection.toString(AbstractCollection.java:473)
	at org.hibernate.collection.internal.PersistentSet.toString(PersistentSet.java:328)
	at java.base/java.lang.String.valueOf(String.java:2951)
	at java.base/java.lang.StringBuilder.append(StringBuilder.java:173)
	at tn.devteam.immonexus.Entities.SubjectForum.toString(SubjectForum.java:13)
	at java.base/java.lang.String.valueOf(String.java:2951)
	at java.base/java.lang.StringBuilder.append(StringBuilder.java:173)
	at tn.devteam.immonexus.Entities.Reaction.toString(Reaction.java:15)
	at java.base/java.lang.String.valueOf(String.java:2951)
	at java.base/java.lang.StringBuilder.append(StringBuilder.java:173)
	at java.base/java.util.AbstractCollection.toString(AbstractCollection.java:473)
	at org.hibernate.collection.internal.PersistentSet.toString(PersistentSet.java:328)
	at java.base/java.lang.String.valueOf(String.java:2951)
	at java.base/java.lang.StringBuilder.append(StringBuilder.java:173)
	at tn.devteam.immonexus.Entities.SubjectForum.toString(SubjectForum.java:13)
	at java.base/java.lang.String.valueOf(String.java:2951)
	at java.base/java.lang.StringBuilder.append(StringBuilder.java:173)
	at tn.devteam.immonexus.Entities.Reaction.toString(Reaction.java:15)
	at java.base/java.lang.String.valueOf(String.java:2951)
	at java.base/java.lang.StringBuilder.append(StringBuilder.java:173)
	at java.base/java.util.AbstractCollection.toString(AbstractCollection.java:473)
	at org.hibernate.collection.internal.PersistentSet.toString(PersistentSet.java:328)
	at java.base/java.lang.String.valueOf(String.java:2951)
	at java.base/java.lang.StringBuilder.append(StringBuilder.java:173)
	at tn.devteam.immonexus.Entities.SubjectForum.toString(SubjectForum.java:13)
	at java.base/java.lang.String.valueOf(String.java:2951)
	at java.base/java.lang.StringBuilder.append(StringBuilder.java:173)
	at tn.devteam.immonexus.Entities.Reaction.toString(Reaction.java:15)
	at java.base/java.lang.String.valueOf(String.java:2951)
	at java.base/java.lang.StringBuilder.append(StringBuilder.java:173)
	at java.base/java.util.AbstractCollection.toString(AbstractCollection.java:473)
	at org.hibernate.collection.internal.PersistentSet.toString(PersistentSet.java:328)
	at java.base/java.lang.String.valueOf(String.java:2951)
	at java.base/java.lang.StringBuilder.append(StringBuilder.java:173)
	at tn.devteam.immonexus.Entities.SubjectForum.toString(SubjectForum.java:13)
	at java.base/java.lang.String.valueOf(String.java:2951)
	at java.base/java.lang.StringBuilder.append(StringBuilder.java:173)
	at tn.devteam.immonexus.Entities.Reaction.toString(Reaction.java:15)
	at java.base/java.lang.String.valueOf(String.java:2951)
	at java.base/java.lang.StringBuilder.append(StringBuilder.java:173)
	at java.base/java.util.AbstractCollection.toString(AbstractCollection.java:473)
	at org.hibernate.collection.internal.PersistentSet.toString(PersistentSet.java:328)
	at java.base/java.lang.String.valueOf(String.java:2951)
	at java.base/java.lang.StringBuilder.append(StringBuilder.java:173)
	at tn.devteam.immonexus.Entities.SubjectForum.toString(SubjectForum.java:13)
	at java.base/java.lang.String.valueOf(String.java:2951)
	at java.base/java.lang.StringBuilder.append(StringBuilder.java:173)
	at tn.devteam.immonexus.Entities.Reaction.toString(Reaction.java:15)
	at java.base/java.lang.String.valueOf(String.java:2951)
	at java.base/java.lang.StringBuilder.append(StringBuilder.java:173)
	at java.base/java.util.AbstractCollection.toString(AbstractCollection.java:473)
	at org.hibernate.collection.internal.PersistentSet.toString(PersistentSet.java:328)
	at java.base/java.lang.String.valueOf(String.java:2951)
	at java.base/java.lang.StringBuilder.append(StringBuilder.java:173)
	at tn.devteam.immonexus.Entities.SubjectForum.toString(SubjectForum.java:13)
	at java.base/java.lang.String.valueOf(String.java:2951)
	at java.base/java.lang.StringBuilder.append(StringBuilder.java:173)
	at tn.devteam.immonexus.Entities.Reaction.toString(Reaction.java:15)
	at java.base/java.lang.String.valueOf(String.java:2951)
	at java.base/java.lang.StringBuilder.append(StringBuilder.java:173)
	at java.base/java.util.AbstractCollection.toString(AbstractCollection.java:473)
	at org.hibernate.collection.internal.PersistentSet.toString(PersistentSet.java:328)
	at java.base/java.lang.String.valueOf(String.java:2951)
	at java.base/java.lang.StringBuilder.append(StringBuilder.java:173)
	at tn.devteam.immonexus.Entities.SubjectForum.toString(SubjectForum.java:13)
	at java.base/java.lang.String.valueOf(String.java:2951)
	at java.base/java.lang.StringBuilder.append(StringBuilder.java:173)
	at tn.devteam.immonexus.Entities.Reaction.toString(Reaction.java:15)
	at java.base/java.lang.String.valueOf(String.java:2951)
	at java.base/java.lang.StringBuilder.append(StringBuilder.java:173)
	at java.base/java.util.AbstractCollection.toString(AbstractCollection.java:473)
	at org.hibernate.collection.internal.PersistentSet.toString(PersistentSet.java:328)
	at java.base/java.lang.String.valueOf(String.java:2951)
	at java.base/java.lang.StringBuilder.append(StringBuilder.java:173)
	at tn.devteam.immonexus.Entities.SubjectForum.toString(SubjectForum.java:13)
	at java.base/java.lang.String.valueOf(String.java:2951)
	at java.base/java.lang.StringBuilder.append(StringBuilder.java:173)
	at tn.devteam.immonexus.Entities.Reaction.toString(Reaction.java:15)
	at java.base/java.lang.String.valueOf(String.java:2951)
	at java.base/java.lang.StringBuilder.append(StringBuilder.java:173)
	at java.base/java.util.AbstractCollection.toString(AbstractCollection.java:473)
	at org.hibernate.collection.internal.PersistentSet.toString(PersistentSet.java:328)
	at java.base/java.lang.String.valueOf(String.java:2951)
	at java.base/java.lang.StringBuilder.append(StringBuilder.java:173)
	at tn.devteam.immonexus.Entities.SubjectForum.toString(SubjectForum.java:13)
	at java.base/java.lang.String.valueOf(String.java:2951)
	at java.base/java.lang.StringBuilder.append(StringBuilder.java:173)
	at tn.devteam.immonexus.Entities.Reaction.toString(Reaction.java:15)
	at java.base/java.lang.String.valueOf(String.java:2951)
	at java.base/java.lang.StringBuilder.append(StringBuilder.java:173)
	at java.base/java.util.AbstractCollection.toString(AbstractCollection.java:473)
	at org.hibernate.collection.internal.PersistentSet.toString(PersistentSet.java:328)
	at java.base/java.lang.String.valueOf(String.java:2951)
	at java.base/java.lang.StringBuilder.append(StringBuilder.java:173)
	at tn.devteam.immonexus.Entities.SubjectForum.toString(SubjectForum.java:13)
	at java.base/java.lang.String.valueOf(String.java:2951)
Closing JPA EntityManagerFactory for persistence unit 'default' 
HikariPool-1 - Shutdown initiated... 
HikariPool-1 - Shutdown completed. 
